<?xml version="1.0" encoding="UTF-8"?>
<testsuite xmlns:xsi="http://www.w3.org/2001/XMLSchema-instance" xsi:noNamespaceSchemaLocation="https://maven.apache.org/surefire/maven-surefire-plugin/xsd/surefire-test-report.xsd" name="com.sg.guessthenumber.daos.GuessNumberDaoGameDBTest" time="1.848" tests="7" errors="0" skipped="0" failures="0">
  <properties>
[...]
</properties>
  <testcase name="testGenerateGameNull" classname="com.sg.guessthenumber.daos.GuessNumberDaoGameDBTest" time="0.4"/>
  <testcase name="testGenerateGameGoldenPath" classname="com.sg.guessthenumber.daos.GuessNumberDaoGameDBTest" time="0.155"/>
  <testcase name="testGetGameByIdGoldenPath" classname="com.sg.guessthenumber.daos.GuessNumberDaoGameDBTest" time="0.098"/>
  <testcase name="testGetAllGamesGoldenPath" classname="com.sg.guessthenumber.daos.GuessNumberDaoGameDBTest" time="0.096"/>
  <testcase name="TestGameCompletedGoldenPath" classname="com.sg.guessthenumber.daos.GuessNumberDaoGameDBTest" time="0.1"/>
  <testcase name="TestGameCompletedInvalidId" classname="com.sg.guessthenumber.daos.GuessNumberDaoGameDBTest" time="0.09"/>
  <testcase name="testGetGameByIdInvalid" classname="com.sg.guessthenumber.daos.GuessNumberDaoGameDBTest" time="0.171"/>
</testsuite>